<?xml version="1.0" encoding="UTF-8"?>
<testsuite xmlns:xsi="http://www.w3.org/2001/XMLSchema-instance" xsi:noNamespaceSchemaLocation="https://maven.apache.org/surefire/maven-surefire-plugin/xsd/surefire-test-report.xsd" version="3.0.2" name="com.project.hospital.TestDoctor" time="0.147" tests="1" errors="0" skipped="0" failures="0">
  <properties>
[...]
</properties>
  <testcase name="testCreateDoctor" classname="com.project.hospital.TestDoctor" time="0.14">
    <system-out><![CDATA[2025-05-28T17:09:40.662+07:00  INFO 23780 --- [hospital] [           main] t.c.s.AnnotationConfigContextLoaderUtils : Could not detect default configuration classes for test class [com.project.hospital.TestDoctor]: TestDoctor does not declare any static, non-private, non-final, nested classes annotated with @Configuration.
2025-05-28T17:09:40.664+07:00  INFO 23780 --- [hospital] [           main] .b.t.c.SpringBootTestContextBootstrapper : Found @SpringBootConfiguration com.project.hospital.HospitalApplication for test class com.project.hospital.TestDoctor
]]></system-out>
  </testcase>
</testsuite>