<?xml version="1.0" encoding="UTF-8"?>
<testsuite xmlns:xsi="http://www.w3.org/2001/XMLSchema-instance" xsi:noNamespaceSchemaLocation="https://maven.apache.org/surefire/maven-surefire-plugin/xsd/surefire-test-report-3.0.xsd" version="3.0" name="com.example.servingwebcontent.controller.AdminPatientControllerTest" time="0.86" tests="3" errors="0" skipped="0" failures="0">
  <properties>
[...]
</properties>
  <testcase name="testListPatientsWithoutKeyword" classname="com.example.servingwebcontent.controller.AdminPatientControllerTest" time="0.039">
    <system-out><![CDATA[2025-07-01T10:32:23.626+07:00  INFO 28944 --- [           main] t.c.s.AnnotationConfigContextLoaderUtils : Could not detect default configuration classes for test class [com.example.servingwebcontent.controller.AdminPatientControllerTest]: AdminPatientControllerTest does not declare any static, non-private, non-final, nested classes annotated with @Configuration.
2025-07-01T10:32:23.652+07:00  INFO 28944 --- [           main] .b.t.c.SpringBootTestContextBootstrapper : Found @SpringBootConfiguration com.example.servingwebcontent.ServingWebContentCompleteApplication for test class com.example.servingwebcontent.controller.AdminPatientControllerTest
2025-07-01T10:32:23.660+07:00  INFO 28944 --- [           main] o.s.b.d.r.RestartApplicationListener     : Restart disabled due to context in which it is running
  .   ____          _            __ _ _
 /\\ / ___'_ __ _ _(_)_ __  __ _ \ \ \ \
( ( )\___ | '_ | '_| | '_ \/ _` | \ \ \ \
 \\/  ___)| |_)| | | | | || (_| |  ) ) ) )
  '  |____| .__|_| |_|_| |_\__, | / / / /
 =========|_|==============|___/=/_/_/_/

 :: Spring Boot ::                (v3.3.0)

2025-07-01T10:32:23.720+07:00  INFO 28944 --- [           main] c.e.s.c.AdminPatientControllerTest       : Starting AdminPatientControllerTest using Java 22.0.1 with PID 28944 (started by DELL in C:\Users\DELL\Downloads\OOP_N01_Term3_2025_K17_Group6\gs-serving-web-content\complete)
2025-07-01T10:32:23.721+07:00  INFO 28944 --- [           main] c.e.s.c.AdminPatientControllerTest       : No active profile set, falling back to 1 default profile: "default"
2025-07-01T10:32:24.228+07:00  INFO 28944 --- [           main] o.s.b.a.w.s.WelcomePageHandlerMapping    : Adding welcome page: class path resource [static/index.html]
2025-07-01T10:32:24.340+07:00  WARN 28944 --- [           main] .s.s.UserDetailsServiceAutoConfiguration : 

Using generated security password: ba3ecd26-51b6-459c-bcdf-0b6c0cfab91f

This generated password is for development use only. Your security configuration must be updated before running your application in production.

2025-07-01T10:32:24.343+07:00  INFO 28944 --- [           main] r$InitializeUserDetailsManagerConfigurer : Global AuthenticationManager configured with UserDetailsService bean with name inMemoryUserDetailsManager
2025-07-01T10:32:24.358+07:00  INFO 28944 --- [           main] o.s.s.web.DefaultSecurityFilterChain     : Will secure any request with [org.springframework.security.web.session.DisableEncodeUrlFilter@4270705f, org.springframework.security.web.context.request.async.WebAsyncManagerIntegrationFilter@6f69b0ba, org.springframework.security.web.context.SecurityContextHolderFilter@63846fa4, org.springframework.security.web.header.HeaderWriterFilter@22e95960, org.springframework.web.filter.CorsFilter@63537871, org.springframework.security.web.csrf.CsrfFilter@5f8da82, org.springframework.security.web.authentication.logout.LogoutFilter@204a02a4, org.springframework.security.web.authentication.UsernamePasswordAuthenticationFilter@4a68cbc5, org.springframework.security.web.authentication.ui.DefaultLoginPageGeneratingFilter@1cc81ea1, org.springframework.security.web.authentication.ui.DefaultLogoutPageGeneratingFilter@64eb14da, org.springframework.security.web.authentication.www.BasicAuthenticationFilter@3a47bf0e, org.springframework.security.web.savedrequest.RequestCacheAwareFilter@206b959c, org.springframework.security.web.servletapi.SecurityContextHolderAwareRequestFilter@74026b18, org.springframework.security.web.authentication.AnonymousAuthenticationFilter@25587290, org.springframework.security.web.access.ExceptionTranslationFilter@6987b74e, org.springframework.security.web.access.intercept.AuthorizationFilter@1b96d447]
2025-07-01T10:32:24.375+07:00  INFO 28944 --- [           main] o.s.b.t.m.w.SpringBootMockServletContext : Initializing Spring TestDispatcherServlet ''
2025-07-01T10:32:24.375+07:00  INFO 28944 --- [           main] o.s.t.web.servlet.TestDispatcherServlet  : Initializing Servlet ''
2025-07-01T10:32:24.376+07:00  INFO 28944 --- [           main] o.s.t.web.servlet.TestDispatcherServlet  : Completed initialization in 1 ms
2025-07-01T10:32:24.389+07:00  INFO 28944 --- [           main] c.e.s.c.AdminPatientControllerTest       : Started AdminPatientControllerTest in 0.73 seconds (process running for 7.722)
]]></system-out>
  </testcase>
  <testcase name="testListPatientsException" classname="com.example.servingwebcontent.controller.AdminPatientControllerTest" time="0.022"/>
  <testcase name="testListPatientsWithKeyword" classname="com.example.servingwebcontent.controller.AdminPatientControllerTest" time="0.022"/>
</testsuite>