<?xml version="1.0" encoding="UTF-8"?>
<testsuite xmlns:xsi="http://www.w3.org/2001/XMLSchema-instance" xsi:noNamespaceSchemaLocation="https://maven.apache.org/surefire/maven-surefire-plugin/xsd/surefire-test-report-3.0.xsd" version="3.0" name="com.example.servingwebcontent.controller.AuthControllerTest" time="6.607" tests="7" errors="0" skipped="0" failures="0">
  <properties>
[...]
</properties>
  <testcase name="testAccessDenied" classname="com.example.servingwebcontent.controller.AuthControllerTest" time="0.044">
    <system-out><![CDATA[2025-07-01T10:32:24.488+07:00  INFO 28944 --- [           main] t.c.s.AnnotationConfigContextLoaderUtils : Could not detect default configuration classes for test class [com.example.servingwebcontent.controller.AuthControllerTest]: AuthControllerTest does not declare any static, non-private, non-final, nested classes annotated with @Configuration.
2025-07-01T10:32:24.495+07:00  INFO 28944 --- [           main] .b.t.c.SpringBootTestContextBootstrapper : Found @SpringBootConfiguration com.example.servingwebcontent.ServingWebContentCompleteApplication for test class com.example.servingwebcontent.controller.AuthControllerTest
2025-07-01T10:32:24.507+07:00  INFO 28944 --- [           main] o.s.b.d.r.RestartApplicationListener     : Restart disabled due to context in which it is running
  .   ____          _            __ _ _
 /\\ / ___'_ __ _ _(_)_ __  __ _ \ \ \ \
( ( )\___ | '_ | '_| | '_ \/ _` | \ \ \ \
 \\/  ___)| |_)| | | | | || (_| |  ) ) ) )
  '  |____| .__|_| |_|_| |_\__, | / / / /
 =========|_|==============|___/=/_/_/_/

 :: Spring Boot ::                (v3.3.0)

2025-07-01T10:32:24.539+07:00  INFO 28944 --- [           main] c.e.s.controller.AuthControllerTest      : Starting AuthControllerTest using Java 22.0.1 with PID 28944 (started by DELL in C:\Users\DELL\Downloads\OOP_N01_Term3_2025_K17_Group6\gs-serving-web-content\complete)
2025-07-01T10:32:24.539+07:00  INFO 28944 --- [           main] c.e.s.controller.AuthControllerTest      : No active profile set, falling back to 1 default profile: "default"
2025-07-01T10:32:25.078+07:00  INFO 28944 --- [           main] .s.d.r.c.RepositoryConfigurationDelegate : Bootstrapping Spring Data JPA repositories in DEFAULT mode.
2025-07-01T10:32:25.181+07:00  INFO 28944 --- [           main] .s.d.r.c.RepositoryConfigurationDelegate : Finished Spring Data repository scanning in 78 ms. Found 7 JPA repository interfaces.
2025-07-01T10:32:25.822+07:00  INFO 28944 --- [           main] o.hibernate.jpa.internal.util.LogHelper  : HHH000204: Processing PersistenceUnitInfo [name: default]
2025-07-01T10:32:26.005+07:00  INFO 28944 --- [           main] org.hibernate.Version                    : HHH000412: Hibernate ORM core version 6.5.2.Final
2025-07-01T10:32:26.071+07:00  INFO 28944 --- [           main] o.h.c.internal.RegionFactoryInitiator    : HHH000026: Second-level cache disabled
2025-07-01T10:32:26.231+07:00  INFO 28944 --- [           main] o.s.o.j.p.SpringPersistenceUnitInfo      : No LoadTimeWeaver setup: ignoring JPA class transformer
2025-07-01T10:32:26.265+07:00  INFO 28944 --- [           main] com.zaxxer.hikari.HikariDataSource       : HikariPool-1 - Starting...
2025-07-01T10:32:27.159+07:00  INFO 28944 --- [           main] com.zaxxer.hikari.pool.HikariPool        : HikariPool-1 - Added connection com.mysql.cj.jdbc.ConnectionImpl@6018a6a2
2025-07-01T10:32:27.162+07:00  INFO 28944 --- [           main] com.zaxxer.hikari.HikariDataSource       : HikariPool-1 - Start completed.
2025-07-01T10:32:27.267+07:00  WARN 28944 --- [           main] org.hibernate.orm.deprecation            : HHH90000025: MySQL8Dialect does not need to be specified explicitly using 'hibernate.dialect' (remove the property setting and it will be selected by default)
2025-07-01T10:32:27.269+07:00  WARN 28944 --- [           main] org.hibernate.orm.deprecation            : HHH90000026: MySQL8Dialect has been deprecated; use org.hibernate.dialect.MySQLDialect instead
2025-07-01T10:32:28.164+07:00  INFO 28944 --- [           main] o.h.e.t.j.p.i.JtaPlatformInitiator       : HHH000489: No JTA platform available (set 'hibernate.transaction.jta.platform' to enable JTA platform integration)
2025-07-01T10:32:29.180+07:00  INFO 28944 --- [           main] j.LocalContainerEntityManagerFactoryBean : Initialized JPA EntityManagerFactory for persistence unit 'default'
2025-07-01T10:32:29.604+07:00  INFO 28944 --- [           main] o.s.d.j.r.query.QueryEnhancerFactory     : Hibernate is in classpath; If applicable, HQL parser will be used.
2025-07-01T10:32:30.356+07:00  WARN 28944 --- [           main] JpaBaseConfiguration$JpaWebConfiguration : spring.jpa.open-in-view is enabled by default. Therefore, database queries may be performed during view rendering. Explicitly configure spring.jpa.open-in-view to disable this warning
2025-07-01T10:32:30.364+07:00  INFO 28944 --- [           main] r$InitializeUserDetailsManagerConfigurer : Global AuthenticationManager configured with UserDetailsService bean with name customUserDetailsService
2025-07-01T10:32:30.372+07:00  INFO 28944 --- [           main] o.s.b.a.w.s.WelcomePageHandlerMapping    : Adding welcome page: class path resource [static/index.html]
2025-07-01T10:32:30.466+07:00  INFO 28944 --- [           main] o.s.s.web.DefaultSecurityFilterChain     : Will secure any request with [org.springframework.security.web.session.DisableEncodeUrlFilter@d0089e5, org.springframework.security.web.context.request.async.WebAsyncManagerIntegrationFilter@6acee861, org.springframework.security.web.context.SecurityContextHolderFilter@4bd42698, org.springframework.security.web.header.HeaderWriterFilter@3cfa429c, org.springframework.web.filter.CorsFilter@f60910d, org.springframework.security.web.authentication.logout.LogoutFilter@34538dde, org.springframework.security.web.authentication.UsernamePasswordAuthenticationFilter@72a2b17d, org.springframework.security.web.savedrequest.RequestCacheAwareFilter@9e46050, org.springframework.security.web.servletapi.SecurityContextHolderAwareRequestFilter@30d9da5e, org.springframework.security.web.authentication.rememberme.RememberMeAuthenticationFilter@38a5b985, org.springframework.security.web.authentication.AnonymousAuthenticationFilter@1a1c68f5, org.springframework.security.web.access.ExceptionTranslationFilter@5fbcc71d, org.springframework.security.web.access.intercept.AuthorizationFilter@60eabf53]
2025-07-01T10:32:30.729+07:00  INFO 28944 --- [           main] o.s.b.t.m.w.SpringBootMockServletContext : Initializing Spring TestDispatcherServlet ''
2025-07-01T10:32:30.730+07:00  INFO 28944 --- [           main] o.s.t.web.servlet.TestDispatcherServlet  : Initializing Servlet ''
2025-07-01T10:32:30.730+07:00  INFO 28944 --- [           main] o.s.t.web.servlet.TestDispatcherServlet  : Completed initialization in 0 ms
2025-07-01T10:32:30.740+07:00  INFO 28944 --- [           main] c.e.s.controller.AuthControllerTest      : Started AuthControllerTest in 6.233 seconds (process running for 14.072)
]]></system-out>
  </testcase>
  <testcase name="testAdminDashboardAccess" classname="com.example.servingwebcontent.controller.AuthControllerTest" time="0.017"/>
  <testcase name="testPatientDashboardForbiddenForAdmin" classname="com.example.servingwebcontent.controller.AuthControllerTest" time="0.008"/>
  <testcase name="testShowRegisterFormOk" classname="com.example.servingwebcontent.controller.AuthControllerTest" time="0.042"/>
  <testcase name="testShowLoginForm" classname="com.example.servingwebcontent.controller.AuthControllerTest" time="0.018"/>
  <testcase name="testLoginWithAdmin" classname="com.example.servingwebcontent.controller.AuthControllerTest" time="0.207"/>
  <testcase name="testDoctorDashboardForbiddenForAdmin" classname="com.example.servingwebcontent.controller.AuthControllerTest" time="0.004"/>
</testsuite>