<?xml version="1.0" encoding="UTF-8"?>
<testsuite xmlns:xsi="http://www.w3.org/2001/XMLSchema-instance" xsi:noNamespaceSchemaLocation="https://maven.apache.org/surefire/maven-surefire-plugin/xsd/surefire-test-report-3.0.xsd" version="3.0" name="com.example.servingwebcontent.controller.AdminAppointmentControllerTest" time="6.216" tests="1" errors="0" skipped="0" failures="0">
  <properties>
[...]
</properties>
  <testcase name="testListAppointments" classname="com.example.servingwebcontent.controller.AdminAppointmentControllerTest" time="1.485">
    <system-out><![CDATA[10:32:17.579 [main] INFO org.springframework.test.context.support.AnnotationConfigContextLoaderUtils -- Could not detect default configuration classes for test class [com.example.servingwebcontent.controller.AdminAppointmentControllerTest]: AdminAppointmentControllerTest does not declare any static, non-private, non-final, nested classes annotated with @Configuration.
10:32:17.754 [main] INFO org.springframework.boot.test.context.SpringBootTestContextBootstrapper -- Found @SpringBootConfiguration com.example.servingwebcontent.ServingWebContentCompleteApplication for test class com.example.servingwebcontent.controller.AdminAppointmentControllerTest
10:32:17.871 [main] INFO org.springframework.boot.devtools.restart.RestartApplicationListener -- Restart disabled due to context in which it is running
  .   ____          _            __ _ _
 /\\ / ___'_ __ _ _(_)_ __  __ _ \ \ \ \
( ( )\___ | '_ | '_| | '_ \/ _` | \ \ \ \
 \\/  ___)| |_)| | | | | || (_| |  ) ) ) )
  '  |____| .__|_| |_|_| |_\__, | / / / /
 =========|_|==============|___/=/_/_/_/

 :: Spring Boot ::                (v3.3.0)

2025-07-01T10:32:18.309+07:00  INFO 28944 --- [           main] c.e.s.c.AdminAppointmentControllerTest   : Starting AdminAppointmentControllerTest using Java 22.0.1 with PID 28944 (started by DELL in C:\Users\DELL\Downloads\OOP_N01_Term3_2025_K17_Group6\gs-serving-web-content\complete)
2025-07-01T10:32:18.311+07:00  INFO 28944 --- [           main] c.e.s.c.AdminAppointmentControllerTest   : No active profile set, falling back to 1 default profile: "default"
2025-07-01T10:32:20.932+07:00  INFO 28944 --- [           main] o.s.b.a.w.s.WelcomePageHandlerMapping    : Adding welcome page: class path resource [static/index.html]
2025-07-01T10:32:21.670+07:00  WARN 28944 --- [           main] .s.s.UserDetailsServiceAutoConfiguration : 

Using generated security password: 8d6c4448-7082-4fd0-9f4e-95536b864516

This generated password is for development use only. Your security configuration must be updated before running your application in production.

2025-07-01T10:32:21.742+07:00  INFO 28944 --- [           main] r$InitializeUserDetailsManagerConfigurer : Global AuthenticationManager configured with UserDetailsService bean with name inMemoryUserDetailsManager
2025-07-01T10:32:21.961+07:00  INFO 28944 --- [           main] o.s.s.web.DefaultSecurityFilterChain     : Will secure any request with [org.springframework.security.web.session.DisableEncodeUrlFilter@b9b97ad, org.springframework.security.web.context.request.async.WebAsyncManagerIntegrationFilter@2807cf3, org.springframework.security.web.context.SecurityContextHolderFilter@18d610e1, org.springframework.security.web.header.HeaderWriterFilter@3feebf9c, org.springframework.web.filter.CorsFilter@298e002d, org.springframework.security.web.csrf.CsrfFilter@1a7d0c9f, org.springframework.security.web.authentication.logout.LogoutFilter@a03529c, org.springframework.security.web.authentication.UsernamePasswordAuthenticationFilter@12aa381f, org.springframework.security.web.authentication.ui.DefaultLoginPageGeneratingFilter@6728370a, org.springframework.security.web.authentication.ui.DefaultLogoutPageGeneratingFilter@6b9a1205, org.springframework.security.web.authentication.www.BasicAuthenticationFilter@f10d055, org.springframework.security.web.savedrequest.RequestCacheAwareFilter@16391278, org.springframework.security.web.servletapi.SecurityContextHolderAwareRequestFilter@4ae49387, org.springframework.security.web.authentication.AnonymousAuthenticationFilter@3c6bd624, org.springframework.security.web.access.ExceptionTranslationFilter@a4df251, org.springframework.security.web.access.intercept.AuthorizationFilter@3c9e19de]
2025-07-01T10:32:22.040+07:00  INFO 28944 --- [           main] o.s.b.t.m.w.SpringBootMockServletContext : Initializing Spring TestDispatcherServlet ''
2025-07-01T10:32:22.041+07:00  INFO 28944 --- [           main] o.s.t.web.servlet.TestDispatcherServlet  : Initializing Servlet ''
2025-07-01T10:32:22.043+07:00  INFO 28944 --- [           main] o.s.t.web.servlet.TestDispatcherServlet  : Completed initialization in 1 ms
2025-07-01T10:32:22.090+07:00  INFO 28944 --- [           main] c.e.s.c.AdminAppointmentControllerTest   : Started AdminAppointmentControllerTest in 4.232 seconds (process running for 5.423)
]]></system-out>
    <system-err><![CDATA[WARNING: A Java agent has been loaded dynamically (C:\Users\DELL\.m2\repository\net\bytebuddy\byte-buddy-agent\1.14.16\byte-buddy-agent-1.14.16.jar)
WARNING: If a serviceability tool is in use, please run with -XX:+EnableDynamicAgentLoading to hide this warning
WARNING: If a serviceability tool is not in use, please run with -Djdk.instrument.traceUsage for more information
WARNING: Dynamic loading of agents will be disallowed by default in a future release
]]></system-err>
  </testcase>
</testsuite>